0 info it worked if it ends with ok
1 verbose cli [ '/Users/kasperiii/.nodebrew/node/v6.2.0/bin/node',
1 verbose cli   '/Users/kasperiii/.nodebrew/current/bin/npm',
1 verbose cli   'install',
1 verbose cli   'mocha',
1 verbose cli   'should',
1 verbose cli   '—-save-dev' ]
2 info using npm@3.8.9
3 info using node@v6.2.0
4 silly loadCurrentTree Starting
5 silly install loadCurrentTree
6 silly install readLocalPackageData
7 silly fetchPackageMetaData mocha
8 silly fetchPackageMetaData should
9 silly fetchPackageMetaData —-save-dev
10 silly fetchNamedPackageData mocha
11 silly mapToRegistry name mocha
12 silly mapToRegistry using default registry
13 silly mapToRegistry registry https://registry.npmjs.org/
14 silly mapToRegistry data Result {
14 silly mapToRegistry   raw: 'mocha',
14 silly mapToRegistry   scope: null,
14 silly mapToRegistry   name: 'mocha',
14 silly mapToRegistry   rawSpec: '',
14 silly mapToRegistry   spec: 'latest',
14 silly mapToRegistry   type: 'tag' }
15 silly mapToRegistry uri https://registry.npmjs.org/mocha
16 silly fetchNamedPackageData should
17 silly mapToRegistry name should
18 silly mapToRegistry using default registry
19 silly mapToRegistry registry https://registry.npmjs.org/
20 silly mapToRegistry data Result {
20 silly mapToRegistry   raw: 'should',
20 silly mapToRegistry   scope: null,
20 silly mapToRegistry   name: 'should',
20 silly mapToRegistry   rawSpec: '',
20 silly mapToRegistry   spec: 'latest',
20 silly mapToRegistry   type: 'tag' }
21 silly mapToRegistry uri https://registry.npmjs.org/should
22 silly fetchOtherPackageData —-save-dev
23 silly cache add args [ '—-save-dev', null ]
24 verbose cache add spec —-save-dev
25 verbose request uri https://registry.npmjs.org/mocha
26 verbose request no auth needed
27 info attempt registry request try #1 at 6:02:04 PM
28 verbose request id 9b01a7403fbeaf40
29 http request GET https://registry.npmjs.org/mocha
30 verbose request uri https://registry.npmjs.org/should
31 verbose request no auth needed
32 info attempt registry request try #1 at 6:02:04 PM
33 http request GET https://registry.npmjs.org/should
34 info retry will retry, error on last attempt: TypeError: The header content contains invalid characters
35 info retry will retry, error on last attempt: TypeError: The header content contains invalid characters
36 silly cache add parsed spec Result {
36 silly cache add   raw: '—-save-dev',
36 silly cache add   scope: null,
36 silly cache add   name: null,
36 silly cache add   rawSpec: '—-save-dev',
36 silly cache add   spec: '/Users/kasperiii/Documents/kod/kasperii.github.io/—-save-dev',
36 silly cache add   type: 'local' }
37 error addLocal Could not install /Users/kasperiii/Documents/kod/kasperii.github.io/—-save-dev
38 silly fetchPackageMetaData Error: ENOENT: no such file or directory, open '/Users/kasperiii/Documents/kod/kasperii.github.io/—-save-dev'
38 silly fetchPackageMetaData     at Error (native)
38 silly fetchPackageMetaData  error for —-save-dev { Error: ENOENT: no such file or directory, open '/Users/kasperiii/Documents/kod/kasperii.github.io/—-save-dev'
38 silly fetchPackageMetaData     at Error (native)
38 silly fetchPackageMetaData   errno: -2,
38 silly fetchPackageMetaData   code: 'ENOENT',
38 silly fetchPackageMetaData   syscall: 'open',
38 silly fetchPackageMetaData   path: '/Users/kasperiii/Documents/kod/kasperii.github.io/—-save-dev' }
39 info attempt registry request try #2 at 6:02:14 PM
40 http request GET https://registry.npmjs.org/mocha
41 info attempt registry request try #2 at 6:02:14 PM
42 http request GET https://registry.npmjs.org/should
43 info retry will retry, error on last attempt: TypeError: The header content contains invalid characters
44 info retry will retry, error on last attempt: TypeError: The header content contains invalid characters
45 info attempt registry request try #3 at 6:03:14 PM
46 http request GET https://registry.npmjs.org/mocha
47 info attempt registry request try #3 at 6:03:14 PM
48 http request GET https://registry.npmjs.org/should
49 silly fetchPackageMetaData TypeError: The header content contains invalid characters
49 silly fetchPackageMetaData     at ClientRequest.OutgoingMessage.setHeader (_http_outgoing.js:348:11)
49 silly fetchPackageMetaData     at new ClientRequest (_http_client.js:85:14)
49 silly fetchPackageMetaData     at Object.exports.request (http.js:31:10)
49 silly fetchPackageMetaData     at Object.exports.request (https.js:199:15)
49 silly fetchPackageMetaData     at Request.start (/Users/kasperiii/.nodebrew/node/v6.2.0/lib/node_modules/npm/node_modules/request/request.js:753:32)
49 silly fetchPackageMetaData     at Request.end (/Users/kasperiii/.nodebrew/node/v6.2.0/lib/node_modules/npm/node_modules/request/request.js:1418:10)
49 silly fetchPackageMetaData     at end (/Users/kasperiii/.nodebrew/node/v6.2.0/lib/node_modules/npm/node_modules/request/request.js:580:14)
49 silly fetchPackageMetaData     at Immediate._onImmediate (/Users/kasperiii/.nodebrew/node/v6.2.0/lib/node_modules/npm/node_modules/request/request.js:594:7)
49 silly fetchPackageMetaData     at tryOnImmediate (timers.js:543:15)
49 silly fetchPackageMetaData     at processImmediate [as _immediateCallback] (timers.js:523:5)
49 silly fetchPackageMetaData  error for mocha TypeError: The header content contains invalid characters
49 silly fetchPackageMetaData     at ClientRequest.OutgoingMessage.setHeader (_http_outgoing.js:348:11)
49 silly fetchPackageMetaData     at new ClientRequest (_http_client.js:85:14)
49 silly fetchPackageMetaData     at Object.exports.request (http.js:31:10)
49 silly fetchPackageMetaData     at Object.exports.request (https.js:199:15)
49 silly fetchPackageMetaData     at Request.start (/Users/kasperiii/.nodebrew/node/v6.2.0/lib/node_modules/npm/node_modules/request/request.js:753:32)
49 silly fetchPackageMetaData     at Request.end (/Users/kasperiii/.nodebrew/node/v6.2.0/lib/node_modules/npm/node_modules/request/request.js:1418:10)
49 silly fetchPackageMetaData     at end (/Users/kasperiii/.nodebrew/node/v6.2.0/lib/node_modules/npm/node_modules/request/request.js:580:14)
49 silly fetchPackageMetaData     at Immediate._onImmediate (/Users/kasperiii/.nodebrew/node/v6.2.0/lib/node_modules/npm/node_modules/request/request.js:594:7)
49 silly fetchPackageMetaData     at tryOnImmediate (timers.js:543:15)
49 silly fetchPackageMetaData     at processImmediate [as _immediateCallback] (timers.js:523:5)
50 silly fetchPackageMetaData TypeError: The header content contains invalid characters
50 silly fetchPackageMetaData     at ClientRequest.OutgoingMessage.setHeader (_http_outgoing.js:348:11)
50 silly fetchPackageMetaData     at new ClientRequest (_http_client.js:85:14)
50 silly fetchPackageMetaData     at Object.exports.request (http.js:31:10)
50 silly fetchPackageMetaData     at Object.exports.request (https.js:199:15)
50 silly fetchPackageMetaData     at Request.start (/Users/kasperiii/.nodebrew/node/v6.2.0/lib/node_modules/npm/node_modules/request/request.js:753:32)
50 silly fetchPackageMetaData     at Request.end (/Users/kasperiii/.nodebrew/node/v6.2.0/lib/node_modules/npm/node_modules/request/request.js:1418:10)
50 silly fetchPackageMetaData     at end (/Users/kasperiii/.nodebrew/node/v6.2.0/lib/node_modules/npm/node_modules/request/request.js:580:14)
50 silly fetchPackageMetaData     at Immediate._onImmediate (/Users/kasperiii/.nodebrew/node/v6.2.0/lib/node_modules/npm/node_modules/request/request.js:594:7)
50 silly fetchPackageMetaData     at tryOnImmediate (timers.js:543:15)
50 silly fetchPackageMetaData     at processImmediate [as _immediateCallback] (timers.js:523:5)
50 silly fetchPackageMetaData  error for should TypeError: The header content contains invalid characters
50 silly fetchPackageMetaData     at ClientRequest.OutgoingMessage.setHeader (_http_outgoing.js:348:11)
50 silly fetchPackageMetaData     at new ClientRequest (_http_client.js:85:14)
50 silly fetchPackageMetaData     at Object.exports.request (http.js:31:10)
50 silly fetchPackageMetaData     at Object.exports.request (https.js:199:15)
50 silly fetchPackageMetaData     at Request.start (/Users/kasperiii/.nodebrew/node/v6.2.0/lib/node_modules/npm/node_modules/request/request.js:753:32)
50 silly fetchPackageMetaData     at Request.end (/Users/kasperiii/.nodebrew/node/v6.2.0/lib/node_modules/npm/node_modules/request/request.js:1418:10)
50 silly fetchPackageMetaData     at end (/Users/kasperiii/.nodebrew/node/v6.2.0/lib/node_modules/npm/node_modules/request/request.js:580:14)
50 silly fetchPackageMetaData     at Immediate._onImmediate (/Users/kasperiii/.nodebrew/node/v6.2.0/lib/node_modules/npm/node_modules/request/request.js:594:7)
50 silly fetchPackageMetaData     at tryOnImmediate (timers.js:543:15)
50 silly fetchPackageMetaData     at processImmediate [as _immediateCallback] (timers.js:523:5)
51 silly rollbackFailedOptional Starting
52 silly rollbackFailedOptional Finishing
53 silly runTopLevelLifecycles Starting
54 silly runTopLevelLifecycles Finishing
55 silly install printInstalled
56 verbose stack Error: ENOENT: no such file or directory, open '/Users/kasperiii/Documents/kod/kasperii.github.io/—-save-dev'
56 verbose stack     at Error (native)
57 verbose cwd /Users/kasperiii/Documents/kod/kasperii.github.io
58 error Darwin 15.2.0
59 error argv "/Users/kasperiii/.nodebrew/node/v6.2.0/bin/node" "/Users/kasperiii/.nodebrew/current/bin/npm" "install" "mocha" "should" "—-save-dev"
60 error node v6.2.0
61 error npm  v3.8.9
62 error path /Users/kasperiii/Documents/kod/kasperii.github.io/—-save-dev
63 error code ENOENT
64 error errno -2
65 error syscall open
66 error enoent ENOENT: no such file or directory, open '/Users/kasperiii/Documents/kod/kasperii.github.io/—-save-dev'
67 error enoent ENOENT: no such file or directory, open '/Users/kasperiii/Documents/kod/kasperii.github.io/—-save-dev'
67 error enoent This is most likely not a problem with npm itself
67 error enoent and is related to npm not being able to find a file.
68 verbose exit [ -2, true ]
